[2018-10-17 15:18:52,976 - GDC - INFO] ====start checking====
[2018-10-17 15:18:53,679 - GDC - INFO] successful downloads
[2018-10-17 15:18:53,679 - GDC - INFO] ====check finished====
[2018-10-17 15:33:44,575 - GDC - INFO] 50 Normal samples, 375 Tumor samples 
[2018-10-17 15:38:20,116 - GDC - INFO] Percentage of tumor cases in training set is 0.8922558922558923
[2018-10-17 15:38:20,116 - GDC - INFO] Percentage of tumor cases in test set is 0.859375
[2018-10-17 15:38:22,678 - GDC - INFO] selected features are [88, 185, 445, 672, 969, 1099]
[2018-10-17 15:38:25,421 - GDC - INFO] scores are {'LogisticRegression': [0.9478260869565217, 0.9453125, 0.9688888888888889, 0.990909090909091, 0.6666666666666666], 'ExtraTreesClassifier': [0.9727272727272728, 0.953125, 0.9727272727272728, 0.9727272727272728, 0.8333333333333334], 'RandomForestClassifier': [0.9732142857142857, 0.96875, 0.9819819819819819, 0.990909090909091, 0.8333333333333334], 'AdaBoostClassifier': [0.9907407407407407, 0.96875, 0.981651376146789, 0.9727272727272728, 0.9444444444444444], 'GradientBoostingClassifier': [0.9727272727272728, 0.953125, 0.9727272727272728, 0.9727272727272728, 0.8333333333333334], 'SVC': [0.9478260869565217, 0.9453125, 0.9688888888888889, 0.990909090909091, 0.6666666666666666]}
[2018-10-18 17:28:39,442 - GDC - INFO] ====start checking====
[2018-10-18 17:29:12,271 - GDC - INFO] successful downloads
[2018-10-18 17:29:12,272 - GDC - INFO] ====check finished====
[2018-10-19 15:56:07,416 - GDC - INFO] 691 Normal samples, 10795 Tumor samples 
[2018-10-19 16:01:05,183 - GDC - INFO] 691 Normal samples, 10795 Tumor samples 
[2018-10-19 16:57:30,430 - GDC - INFO] 691 Normal samples, 0 Tumor samples 
[2018-10-19 17:09:40,458 - GDC - INFO] 691 Normal samples, 10795 Tumor samples 
[2018-10-19 17:19:01,045 - GDC - INFO] 691 Normal samples, 10795 Tumor samples 
[2018-10-19 17:37:40,161 - GDC - INFO] Percentage of tumor cases in training set is 12.957338308457711
[2018-10-19 17:37:40,162 - GDC - INFO] Percentage of tumor cases in test set is 12.895821242019734
[2018-10-19 17:42:14,438 - GDC - INFO] selected features are [49, 217, 240, 285, 287, 514, 1860]
[2018-10-19 17:45:35,890 - GDC - INFO] Percentage of tumor cases in training set is 12.957338308457711
[2018-10-19 17:45:35,897 - GDC - INFO] Percentage of tumor cases in test set is 12.895821242019734
[2018-10-19 17:50:04,086 - GDC - INFO] selected features are [49, 217, 240, 285, 287, 514, 1860]
[2018-10-21 21:16:35,057 - GDC - INFO] selected features are [49, 217, 240, 285, 287, 514, 1860]
[2018-10-21 21:26:45,600 - GDC - INFO] selected features are [9, 13, 26, 49, 54, 71, 74, 78, 88, 96, 107, 119, 131, 144, 149, 163, 179, 180, 182, 184, 185, 187, 191, 194, 195, 198, 202, 203, 204, 205, 217, 226, 239, 240, 242, 248, 252, 253, 254, 257, 266, 269, 273, 276, 282, 284, 285, 286, 287, 290, 296, 299, 301, 309, 316, 325, 328, 338, 342, 353, 356, 402, 427, 458, 464, 487, 490, 495, 498, 500, 505, 506, 512, 513, 514, 515, 518, 538, 577, 588, 594, 595, 601, 625, 631, 634, 636, 642, 714, 748, 764, 767, 768, 775, 777, 795, 809, 843, 844, 854, 856, 894, 897, 951, 956, 957, 963, 967, 977, 991, 1006, 1032, 1042, 1045, 1052, 1056, 1057, 1066, 1101, 1106, 1114, 1121, 1125, 1155, 1198, 1214, 1216, 1218, 1219, 1241, 1273, 1275, 1277, 1285, 1294, 1295, 1299, 1309, 1316, 1330, 1342, 1349, 1350, 1360, 1364, 1371, 1385, 1388, 1390, 1393, 1422, 1457, 1462, 1475, 1495, 1509, 1510, 1526, 1527, 1530, 1562, 1577, 1581, 1593, 1594, 1610, 1617, 1625, 1631, 1632, 1637, 1654, 1655, 1689, 1717, 1722, 1742, 1744, 1747, 1752, 1768, 1769, 1785, 1791, 1834, 1838, 1843, 1848, 1860, 1880]
[2018-10-21 21:42:36,632 - GDC - INFO] selected features are [9, 13, 49, 54, 71, 74, 78, 96, 107, 144, 149, 163, 179, 180, 185, 187, 191, 194, 195, 203, 204, 205, 217, 226, 240, 242, 248, 252, 253, 254, 269, 276, 282, 284, 285, 287, 301, 309, 316, 325, 328, 338, 342, 353, 356, 464, 487, 490, 495, 498, 500, 505, 514, 518, 538, 588, 594, 631, 714, 764, 767, 768, 795, 856, 894, 897, 957, 967, 991, 1006, 1056, 1066, 1101, 1106, 1121, 1125, 1214, 1285, 1299, 1309, 1330, 1342, 1371, 1388, 1462, 1527, 1530, 1577, 1632, 1637, 1655, 1689, 1722, 1742, 1768, 1791, 1834, 1838, 1848, 1860]
[2018-10-21 21:47:21,128 - GDC - INFO] scores are [0.8813116656993616, 0.8813116656993616, 0.8813116656993616, 0.8813116656993616]
[2018-10-21 21:50:29,307 - GDC - INFO] scores are [0.8813116656993616, 0.8813116656993616, 0.8813116656993616, 0.8813116656993616]
[2018-10-21 21:51:30,369 - GDC - INFO] scores are [0.8813116656993616, 0.8813116656993616, 0.8813116656993616, 0.8813116656993616]
[2018-10-21 21:55:08,937 - GDC - INFO] scores are [0.8813116656993616, 0.8813116656993616, 0.8813116656993616, 0.8813116656993616]
[2018-10-21 21:57:29,044 - GDC - INFO] scores are [0.8813116656993616, 0.8544249290249643, 0.8447784315662945, 0.8797101098582462]
[2018-10-21 21:57:43,156 - GDC - INFO] scores are [0.8813116656993616, 0.8544249290249643, 0.8447784315662945, 0.8797101098582462]
[2018-10-21 21:59:16,417 - GDC - INFO] scores are [0.8813116656993616, 0.8544249290249643, 0.8447784315662945, 0.8797101098582462]
[2018-10-21 22:00:20,140 - GDC - INFO] scores are [0.8813116656993616, 0.8544249290249643, 0.8447784315662945, 0.8797101098582462]
[2018-10-21 22:00:57,319 - GDC - INFO] scores are [0.8813116656993616, 0.8544249290249643, 0.8447784315662945, 0.8797101098582462]
[2018-10-21 22:01:39,230 - GDC - INFO] scores are [0.8813116656993616, 0.8544249290249643, 0.8447784315662945, 0.8797101098582462]
[2018-10-21 22:02:11,806 - GDC - INFO] scores are [0.8813116656993616, 0.8544249290249643, 0.8447784315662945, 0.8797101098582462]
[2018-10-22 14:21:51,448 - GDC - INFO] selected features are [9, 13, 49, 54, 71, 74, 78, 96, 107, 144, 149, 163, 179, 180, 185, 187, 191, 194, 195, 203, 204, 205, 217, 226, 240, 242, 248, 252, 253, 254, 269, 276, 282, 284, 285, 287, 301, 309, 316, 325, 328, 338, 342, 353, 356, 464, 487, 490, 495, 498, 500, 505, 514, 518, 538, 588, 594, 631, 714, 764, 767, 768, 795, 856, 894, 897, 957, 967, 991, 1006, 1056, 1066, 1101, 1106, 1121, 1125, 1214, 1285, 1299, 1309, 1330, 1342, 1371, 1388, 1462, 1527, 1530, 1577, 1632, 1637, 1655, 1689, 1722, 1742, 1768, 1791, 1834, 1838, 1848, 1860]
[2018-10-22 15:48:23,019 - GDC - INFO] scores are [0.35330726070638535, 0.385664538595473, 0.29977923808154766, 0.3007612761005364]
[2018-10-22 15:49:18,593 - GDC - INFO] scores are [0.8688904857112041, 0.8813116656993616, 0.8544249290249643, 0.8447784315662945]
[2018-10-22 16:14:45,816 - GDC - INFO] scores are [0.8688904857112041, 0.8813116656993616, 0.8544249290249643, 0.8447784315662945]
[2018-10-24 14:18:12,557 - GDC - INFO] 691 Normal samples, 10795 Tumor samples 
[2018-10-24 14:37:01,141 - GDC - INFO] 691 Normal samples, 10795 Tumor samples 
[2018-10-24 14:39:41,520 - GDC - INFO] 691 Normal samples, 10795 Tumor samples 
[2018-10-24 14:48:00,864 - GDC - INFO] selected features are [13, 50, 74, 83, 88, 99, 100, 119, 163, 187, 189, 191, 218, 239, 240, 248, 249, 252, 256, 271, 273, 274, 276, 282, 285, 286, 288, 296, 305, 309, 311, 316, 336, 339, 352, 353, 354, 404, 463, 487, 492, 515, 522, 523, 583, 588, 593, 594, 595, 634, 714, 844, 897, 908, 917, 967, 991, 1022, 1063, 1080, 1082, 1097, 1101, 1106, 1141, 1283, 1299, 1303, 1305, 1335, 1336, 1337, 1362, 1364, 1371, 1382, 1383, 1390, 1447, 1448, 1461, 1488, 1505, 1527, 1560, 1579, 1725, 1741, 1785, 1791, 1848, 1857, 1865, 1879]
[2018-10-24 14:48:02,340 - GDC - INFO] scores are [0.8639685330744866, 0.873476494486361, 0.8455639162770243, 0.8337863428634701]
[2018-10-24 15:15:47,247 - GDC - INFO] selected features are [13, 50, 74, 83, 88, 99, 100, 119, 163, 187, 189, 191, 218, 239, 240, 248, 249, 252, 256, 271, 273, 274, 276, 282, 285, 286, 288, 296, 305, 309, 311, 316, 336, 339, 352, 353, 354, 404, 463, 487, 492, 515, 522, 523, 583, 588, 593, 594, 595, 634, 714, 844, 897, 908, 917, 967, 991, 1022, 1063, 1080, 1082, 1097, 1101, 1106, 1141, 1283, 1299, 1303, 1305, 1335, 1336, 1337, 1362, 1364, 1371, 1382, 1383, 1390, 1447, 1448, 1461, 1488, 1505, 1527, 1560, 1579, 1725, 1741, 1785, 1791, 1848, 1857, 1865, 1879]
[2018-10-24 15:15:48,930 - GDC - INFO] scores are [0.8639685330744866, 0.873476494486361, 0.8455639162770243, 0.8337863428634701]
[2018-10-24 15:24:12,430 - GDC - INFO] selected features are [13, 50, 74, 83, 88, 99, 100, 119, 163, 187, 189, 191, 218, 239, 240, 248, 249, 252, 256, 271, 273, 274, 276, 282, 285, 286, 288, 296, 305, 309, 311, 316, 336, 339, 352, 353, 354, 404, 463, 487, 492, 515, 522, 523, 583, 588, 593, 594, 595, 634, 714, 844, 897, 908, 917, 967, 991, 1022, 1063, 1080, 1082, 1097, 1101, 1106, 1141, 1283, 1299, 1303, 1305, 1335, 1336, 1337, 1362, 1364, 1371, 1382, 1383, 1390, 1447, 1448, 1461, 1488, 1505, 1527, 1560, 1579, 1725, 1741, 1785, 1791, 1848, 1857, 1865, 1879]
